[debug] ----------------------------------------------------------------------
[debug] Command:      /usr/local/bin/node /usr/local/bin/firebase serve
[debug] CLI Version:  3.6.0
[debug] Platform:     darwin
[debug] Node Version: v7.7.1
[debug] Time:         Fri Apr 07 2017 15:57:21 GMT-0700 (MST)
[debug] ----------------------------------------------------------------------
[debug] 
[debug] > command requires scopes: ["email","openid","https://www.googleapis.com/auth/cloudplatformprojects.readonly","https://www.googleapis.com/auth/firebase","https://www.googleapis.com/auth/cloud-platform"]
[debug] >>> HTTP REQUEST GET https://admin.firebase.com/v1/projects/event-app-dd48f  
 Fri Apr 07 2017 15:57:21 GMT-0700 (MST)
[debug] <<< HTTP RESPONSE 200
[debug] >>> HTTP REQUEST GET https://admin.firebase.com/v1/database/event-app-dd48f/tokens  
 Fri Apr 07 2017 15:57:22 GMT-0700 (MST)
[debug] <<< HTTP RESPONSE 200
[info] Starting Firebase development server...
[info] 
[info] Project Directory: /Users/steveheideman/Documents/google-cloud-platform/event-app-firebase
[debug] >>> HTTP REQUEST GET https://cloudresourcemanager.googleapis.com/v1/projects/event-app-dd48f  
 Fri Apr 07 2017 15:57:23 GMT-0700 (MST)
[debug] <<< HTTP RESPONSE 200
[debug] >>> HTTP REQUEST GET https://mobilesdk-pa.googleapis.com/v1/projects/600581165958/clients/_:getWebAppConfig  
 Fri Apr 07 2017 15:57:24 GMT-0700 (MST)
[debug] <<< HTTP RESPONSE 200
[info] Public Directory: public
[info] 
[info] Server listening at: http://localhost:5000
